                                                           The SAS System                          11:39 Wednesday, May 23, 2012   1

                                                       The CONTENTS Procedure

             Data Set Name        CPS.CPS198403HH                                          Observations           59171
             Member Type          DATA                                                     Variables              109  
             Engine               V9                                                       Indexes                0    
             Created              Thursday, April 11, 2002 02:54:05 PM                     Observation Length     388  
             Last Modified        Thursday, April 11, 2002 02:54:05 PM                     Deleted Observations   .    
             Protection                                                                    Compressed             CHAR 
             Data Set Type                                                                 Reuse Space            YES  
             Label                                                                         Point to Observations  NO   
             Data Representation  SOLARIS_X86_64, LINUX_X86_64, ALPHA_TRU64, LINUX_IA64    Sorted                 NO   
             Encoding             latin1  Western (ISO)                                                                


                                                 Engine/Host Dependent Information

                            Data Set Page Size          24576                                          
                            Number of Data Set Pages    545                                            
                            Number of Data Set Repairs  0                                              
                            Filename                    /demographic/cps/microdata/cps198403hh.sas7bdat
                            Release Created             9.0202M3                                       
                            Host Created                Linux                                          
                            Inode Number                282728045                                      
                            Access Permission           rwxr-xr-x                                      
                            Owner Name                  cesadmin                                       
                            File Size (bytes)           13402112                                       


                                             Alphabetic List of Variables and Attributes
 
                               #    Variable    Type    Len    Label

                             109    AHSINC      Num       8    Household Income(AHS)                   
                              89    AHS_SEQ     Num       8    AHS Sequence Number Matched to CPS      
                             107    AIRTYPE     Char      1    Type of Air Conditioning                
                             106    AIRYN       Char      1    Air Conditioning Yes-No                 
                             104    BEDROOMS    Num       8    Number of Bedrooms                      
                              16    B_LIVQRT    Char      2    Edited Type of Living Quarters-Base     
                              25    CCINCOME    Char      2    Control Card Income Categories          
                              98    ELECTRIC    Num       8    Monthly Electricity Cost(AHS)           
                              14    FARMLEV     Char      1    Urban or Rural Plus Farm/Nonfarm        
                              97    FIREINC     Char      1    Fire and Hazard Inc in Monthly Payment  
                              96    FIREINS     Num       8    Yearly Fire and Hazard Insurance Cost   
                             100    GARBAGE     Num       8    Yearly Garbage Collection Cost(AHS)     
                              99    GAS         Num       8    Monthly Gas Cost(AHS)                   
                              51    HADULTS     Char      1    Adults in HH - Sex Categories           
                              65    HCSALVAL    Num       8    HHLD Inc-Child Support & Alimony        
                              53    HEARNVAL    Num       8    Total Household Earnings                
                              85    HENGAST     Char      1    Did HHLD Receive Energy Assistance      
                              86    HENGVAL     Num       8    Value of Energy Assistance              
                              94    HEVALUE     Num       8    Value of Residence and Land             
                              84    HFDVAL      Num       8    Value of All Food Stamps                
                              79    HFLUNCH     Char      1    Children Receive Lunch Program          
                              80    HFLUNNO     Char      1    Number Receiving Free Lunch             
                              83    HFOODMO     Char      2    Number of Months Covered by Food Stamps 
                              82    HFOODNO     Char      1    Number Covered by Food Stamps           
                              81    HFOODSP     Char      1    Did Anyone in This HHLD Get Food Stamps 
                              57    HFRVAL      Num       8    HHLD Income-Farm Income                 
                                                           The SAS System                          11:39 Wednesday, May 23, 2012   2

                                                       The CONTENTS Procedure

                                             Alphabetic List of Variables and Attributes
 
                               #    Variable    Type    Len    Label

                              42    HGMSARNK    Char      2    Ranking of 98 Largest MSAs              
                              32    HGPLCSZ     Char      2    Population Size of Place                
                               7    HG_ANNEX    Char      1    Annexation Indicator-MST                
                              31    HG_CBUR     Char      1    Central City, Urban/Rural Status        
                              36    HG_CNTY     Char      3    1970 FIPS County Code                   
                              37    HG_MCD      Char      3    Minor Civil Division Code               
                               2    HG_MSAC     Char      4    MSA (SMSA) Code-MST                     
                              40    HG_MSAS     Char      1    MSA Status Inc CC Status                
                               5    HG_PLACE    Char      4    Place Code-MST                          
                               4    HG_PLCDS    Char      1    Place Description-MST                   
                              34    HG_POV      Char      1    Poverty Code                            
                              33    HG_POVX     Char      3    Poverty Rate by Tract or MCD            
                              26    HG_PSU      Char      3    PSU From Master Segment Tape(MST)       
                              28    HG_SAMP     Char      1    Sample Code From MST                    
                              27    HG_SEG      Num       8    Segment Number From MST                 
                              35    HG_ST60     Char      2    1960 Census State Code                  
                              41    HG_STRN     Char      2    State Rankings by Population            
                              39    HG_TPSU     Char      1    Type of PSU                             
                               6    HG_TRACT    Char      6    Tract Code-MST                          
                              38    HG_TSEG     Char      2    Type of Segment                         
                               8    HG_UA       Char      4    Urban Area Code-MST       run           
                              30    HG_UR       Char      1    Urban/Rural Indicator                   
                              76    HH5TO18     Char      1    Number of Persons in HHLD Age 5 to 18   
                              77    HHOTLUN     Char      1    Hot Lunch Offered at School             
                              78    HHOTNO      Char      1    No of Children Eat Hot Lunch            
                              10    HHPOS       Char      1    0 For Household Record                  
                              49    HHSTATUS    Char      1    Household Status                        
                              61    HINTVAL     Num       8    HHLD Income-Interest                    
                              48    HLORENT     Char      1    Paying Lower Rent Because of Fed Govt   
                              12    HNUMFAM     Char      2    Number of Families in Household         
                              90    HOMEVAL     Char      2    Market Value of Dwelling                
                              54    HOTHVAL     Num       8    Total Other Household Income            
                              60    HPAWVAL     Num       8    HHLD Income-Public Assistance Income    
                              75    HPCTCUT     Char      2    HHLD Income Percentiles                 
                              47    HPUBLIC     Char      1    Is This a Public Housing Project        
                              66    HREC30      Char      1    Earnings Recipiency                     
                              67    HREC31A     Char      1    Type A Other Income Recipiency          
                              68    HREC31C     Char      1    Type C Other Income Recipiency          
                              69    HREC31D     Char      1    Type D Other Income Recipiency          
                              70    HREC31E     Char      1    Type E Other Income Recipiency          
                              71    HREC31F     Char      1    Type F Other Income Recipiency          
                              72    HREC31G     Char      1    Type G Other Income Recipiency          
                              73    HREC31H     Char      1    Type H Other Income Recipiency          
                               9    HRECORD     Char      1    1 = Household Record                    
                              62    HRNDIVAL    Num       8    HHLD Income-Dividends, Rent, Estates    
                              56    HSEVAL      Num       8    HHLD Income-Non-Farm Self-Employ Income 
                              59    HSSIVAL     Num       8    HHLD Income-Supplemental Security Inc   
                              74    HTOP5PCT    Char      1    Top 5 Percent HHLD Income Indicator     
                              52    HTOTVAL     Num       8    Total Household Income                  
                              64    HTRETVAL    Num       8    HHLD Inc-All Pensions(Priv,Govt,Milt)   
                              50    HUNDER18    Char      2    Number of Persons in HH < 18            
                              58    HUSVAL      Num       8    HHLD Income-US Govt Payments(SS+RR)     
                                                           The SAS System                          11:39 Wednesday, May 23, 2012   3

                                                       The CONTENTS Procedure

                                             Alphabetic List of Variables and Attributes
 
                               #    Variable    Type    Len    Label

                              63    HVPVAL      Num       8    HHLD Inc-Vet Pay, Unemp Comp, Wrk Comp  
                              55    HWSVAL      Num       8    HHLD Income-Wages and Salaries          
                              44    HXHHNUM     Char      1    Allocation Flag for HH-Number           
                              43    HXLIVQRT    Char      1    Alloc Flag for Type of Living Qtrs      
                              24    HXTENURE    Char      1    Allocation Flag-Tenure Item             
                              15    H_HHNUM     Char      1    Household Number                        
                               3    H_HHTYPE    Char      1    Type of Household                       
                              45    H_LIVQRT    Char      2    Type of Living Qtrs-March Edited        
                              17    H_MIS       Char      1    Month in Sample Code                    
                              11    H_NUMPER    Char      2    Number of Persons in Household          
                              18    H_PSU       Char      3    Primary Sampling Unit                   
                              20    H_SAMP      Char      1    Document Sample Code(Letter)            
                              19    H_SEG       Num       8    Segment Number                          
                               1    H_SEQ       Num       8    Household Sequence Number               
                              21    H_SER       Char      2    Serial Number                           
                              23    H_SPNFLG    Char      1    Spanish Half Weight Flag                
                              22    H_SUBHH     Char      1    Family Number for Subdivided HHLD       
                              46    H_TENURE    Char      1    Edited Tenure                           
                              92    I_HENGAS    Char      1    Allocation Flag for Energy Assistance   
                              93    I_HENGVA    Char      1    Allocation Flag for Energy Asst Value   
                              91    MATLEVEL    Char      2    At What Level Statistically Matched     
                              88    MORTGAGE    Num       8    Monthly Mortgage Amount                 
                             105    NUMBATHS    Num       8    Number of Bathrooms(AHS)                
                             103    NUMROOMS    Num       8    Number of Rooms                         
                             101    OILCOAL     Num       8    Yearly Oil, Coal, Kerosene, Wood Cost   
                              13    PPINDX      Char      2    Index of Principal Person in HH         
                              95    PROPINC     Char      1    Property Tax Included in Monthly Payment
                              87    PROP_TAX    Num       8    Annual Property Tax                     
                              29    SMSASIZE    Char      1    Pop Size of SMSA                        
                             108    STRUCAGE    Num       8    Age of Structure                        
                             102    WATERSEW    Num       8    Water and Sewage Yearly Cost(AHS)       
                                         proc contents for ZERO OBS version of cps198403hh         11:39 Wednesday, May 23, 2012   4

                                                       The CONTENTS Procedure

              Data Set Name        ZEROOBS.ZEROOBS_CPS198403HH                              Observations          0  
              Member Type          DATA                                                     Variables             109
              Engine               V9                                                       Indexes               0  
              Created              Wednesday, May 23, 2012 11:39:41 AM                      Observation Length    392
              Last Modified        Wednesday, May 23, 2012 11:39:41 AM                      Deleted Observations  0  
              Protection                                                                    Compressed            NO 
              Data Set Type                                                                 Sorted                NO 
              Label                                                                                                  
              Data Representation  SOLARIS_X86_64, LINUX_X86_64, ALPHA_TRU64, LINUX_IA64                             
              Encoding             latin1  Western (ISO)                                                             


                                                 Engine/Host Dependent Information

                       Data Set Page Size          32768                                                    
                       Number of Data Set Pages    1                                                        
                       First Data Page             1                                                        
                       Max Obs per Page            83                                                       
                       Obs in First Data Page      0                                                        
                       Number of Data Set Repairs  0                                                        
                       Filename                    /home/g/gardn301/ZeroObs/CPS/zeroobs_cps198403hh.sas7bdat
                       Release Created             9.0202M3                                                 
                       Host Created                Linux                                                    
                       Inode Number                39520152                                                 
                       Access Permission           rw-------                                                
                       Owner Name                  gardn301                                                 
                       File Size (bytes)           40960                                                    


                                             Alphabetic List of Variables and Attributes
 
                               #    Variable    Type    Len    Label

                             109    AHSINC      Num       8    Household Income(AHS)                   
                              89    AHS_SEQ     Num       8    AHS Sequence Number Matched to CPS      
                             107    AIRTYPE     Char      1    Type of Air Conditioning                
                             106    AIRYN       Char      1    Air Conditioning Yes-No                 
                             104    BEDROOMS    Num       8    Number of Bedrooms                      
                              16    B_LIVQRT    Char      2    Edited Type of Living Quarters-Base     
                              25    CCINCOME    Char      2    Control Card Income Categories          
                              98    ELECTRIC    Num       8    Monthly Electricity Cost(AHS)           
                              14    FARMLEV     Char      1    Urban or Rural Plus Farm/Nonfarm        
                              97    FIREINC     Char      1    Fire and Hazard Inc in Monthly Payment  
                              96    FIREINS     Num       8    Yearly Fire and Hazard Insurance Cost   
                             100    GARBAGE     Num       8    Yearly Garbage Collection Cost(AHS)     
                              99    GAS         Num       8    Monthly Gas Cost(AHS)                   
                              51    HADULTS     Char      1    Adults in HH - Sex Categories           
                              65    HCSALVAL    Num       8    HHLD Inc-Child Support & Alimony        
                              53    HEARNVAL    Num       8    Total Household Earnings                
                              85    HENGAST     Char      1    Did HHLD Receive Energy Assistance      
                              86    HENGVAL     Num       8    Value of Energy Assistance              
                              94    HEVALUE     Num       8    Value of Residence and Land             
                              84    HFDVAL      Num       8    Value of All Food Stamps                
                              79    HFLUNCH     Char      1    Children Receive Lunch Program          
                              80    HFLUNNO     Char      1    Number Receiving Free Lunch             
                              83    HFOODMO     Char      2    Number of Months Covered by Food Stamps 
                                         proc contents for ZERO OBS version of cps198403hh         11:39 Wednesday, May 23, 2012   5

                                                       The CONTENTS Procedure

                                             Alphabetic List of Variables and Attributes
 
                               #    Variable    Type    Len    Label

                              82    HFOODNO     Char      1    Number Covered by Food Stamps           
                              81    HFOODSP     Char      1    Did Anyone in This HHLD Get Food Stamps 
                              57    HFRVAL      Num       8    HHLD Income-Farm Income                 
                              42    HGMSARNK    Char      2    Ranking of 98 Largest MSAs              
                              32    HGPLCSZ     Char      2    Population Size of Place                
                               7    HG_ANNEX    Char      1    Annexation Indicator-MST                
                              31    HG_CBUR     Char      1    Central City, Urban/Rural Status        
                              36    HG_CNTY     Char      3    1970 FIPS County Code                   
                              37    HG_MCD      Char      3    Minor Civil Division Code               
                               2    HG_MSAC     Char      4    MSA (SMSA) Code-MST                     
                              40    HG_MSAS     Char      1    MSA Status Inc CC Status                
                               5    HG_PLACE    Char      4    Place Code-MST                          
                               4    HG_PLCDS    Char      1    Place Description-MST                   
                              34    HG_POV      Char      1    Poverty Code                            
                              33    HG_POVX     Char      3    Poverty Rate by Tract or MCD            
                              26    HG_PSU      Char      3    PSU From Master Segment Tape(MST)       
                              28    HG_SAMP     Char      1    Sample Code From MST                    
                              27    HG_SEG      Num       8    Segment Number From MST                 
                              35    HG_ST60     Char      2    1960 Census State Code                  
                              41    HG_STRN     Char      2    State Rankings by Population            
                              39    HG_TPSU     Char      1    Type of PSU                             
                               6    HG_TRACT    Char      6    Tract Code-MST                          
                              38    HG_TSEG     Char      2    Type of Segment                         
                               8    HG_UA       Char      4    Urban Area Code-MST       run           
                              30    HG_UR       Char      1    Urban/Rural Indicator                   
                              76    HH5TO18     Char      1    Number of Persons in HHLD Age 5 to 18   
                              77    HHOTLUN     Char      1    Hot Lunch Offered at School             
                              78    HHOTNO      Char      1    No of Children Eat Hot Lunch            
                              10    HHPOS       Char      1    0 For Household Record                  
                              49    HHSTATUS    Char      1    Household Status                        
                              61    HINTVAL     Num       8    HHLD Income-Interest                    
                              48    HLORENT     Char      1    Paying Lower Rent Because of Fed Govt   
                              12    HNUMFAM     Char      2    Number of Families in Household         
                              90    HOMEVAL     Char      2    Market Value of Dwelling                
                              54    HOTHVAL     Num       8    Total Other Household Income            
                              60    HPAWVAL     Num       8    HHLD Income-Public Assistance Income    
                              75    HPCTCUT     Char      2    HHLD Income Percentiles                 
                              47    HPUBLIC     Char      1    Is This a Public Housing Project        
                              66    HREC30      Char      1    Earnings Recipiency                     
                              67    HREC31A     Char      1    Type A Other Income Recipiency          
                              68    HREC31C     Char      1    Type C Other Income Recipiency          
                              69    HREC31D     Char      1    Type D Other Income Recipiency          
                              70    HREC31E     Char      1    Type E Other Income Recipiency          
                              71    HREC31F     Char      1    Type F Other Income Recipiency          
                              72    HREC31G     Char      1    Type G Other Income Recipiency          
                              73    HREC31H     Char      1    Type H Other Income Recipiency          
                               9    HRECORD     Char      1    1 = Household Record                    
                              62    HRNDIVAL    Num       8    HHLD Income-Dividends, Rent, Estates    
                              56    HSEVAL      Num       8    HHLD Income-Non-Farm Self-Employ Income 
                              59    HSSIVAL     Num       8    HHLD Income-Supplemental Security Inc   
                              74    HTOP5PCT    Char      1    Top 5 Percent HHLD Income Indicator     
                              52    HTOTVAL     Num       8    Total Household Income                  
                                         proc contents for ZERO OBS version of cps198403hh         11:39 Wednesday, May 23, 2012   6

                                                       The CONTENTS Procedure

                                             Alphabetic List of Variables and Attributes
 
                               #    Variable    Type    Len    Label

                              64    HTRETVAL    Num       8    HHLD Inc-All Pensions(Priv,Govt,Milt)   
                              50    HUNDER18    Char      2    Number of Persons in HH < 18            
                              58    HUSVAL      Num       8    HHLD Income-US Govt Payments(SS+RR)     
                              63    HVPVAL      Num       8    HHLD Inc-Vet Pay, Unemp Comp, Wrk Comp  
                              55    HWSVAL      Num       8    HHLD Income-Wages and Salaries          
                              44    HXHHNUM     Char      1    Allocation Flag for HH-Number           
                              43    HXLIVQRT    Char      1    Alloc Flag for Type of Living Qtrs      
                              24    HXTENURE    Char      1    Allocation Flag-Tenure Item             
                              15    H_HHNUM     Char      1    Household Number                        
                               3    H_HHTYPE    Char      1    Type of Household                       
                              45    H_LIVQRT    Char      2    Type of Living Qtrs-March Edited        
                              17    H_MIS       Char      1    Month in Sample Code                    
                              11    H_NUMPER    Char      2    Number of Persons in Household          
                              18    H_PSU       Char      3    Primary Sampling Unit                   
                              20    H_SAMP      Char      1    Document Sample Code(Letter)            
                              19    H_SEG       Num       8    Segment Number                          
                               1    H_SEQ       Num       8    Household Sequence Number               
                              21    H_SER       Char      2    Serial Number                           
                              23    H_SPNFLG    Char      1    Spanish Half Weight Flag                
                              22    H_SUBHH     Char      1    Family Number for Subdivided HHLD       
                              46    H_TENURE    Char      1    Edited Tenure                           
                              92    I_HENGAS    Char      1    Allocation Flag for Energy Assistance   
                              93    I_HENGVA    Char      1    Allocation Flag for Energy Asst Value   
                              91    MATLEVEL    Char      2    At What Level Statistically Matched     
                              88    MORTGAGE    Num       8    Monthly Mortgage Amount                 
                             105    NUMBATHS    Num       8    Number of Bathrooms(AHS)                
                             103    NUMROOMS    Num       8    Number of Rooms                         
                             101    OILCOAL     Num       8    Yearly Oil, Coal, Kerosene, Wood Cost   
                              13    PPINDX      Char      2    Index of Principal Person in HH         
                              95    PROPINC     Char      1    Property Tax Included in Monthly Payment
                              87    PROP_TAX    Num       8    Annual Property Tax                     
                              29    SMSASIZE    Char      1    Pop Size of SMSA                        
                             108    STRUCAGE    Num       8    Age of Structure                        
                             102    WATERSEW    Num       8    Water and Sewage Yearly Cost(AHS)       
                                         proc contents for ZERO OBS version of cps198403hh         11:39 Wednesday, May 23, 2012   7

                                                       The CONTENTS Procedure

             Data Set Name        CPS.CPS198403FF                                          Observations           64670
             Member Type          DATA                                                     Variables              57   
             Engine               V9                                                       Indexes                0    
             Created              Thursday, April 11, 2002 02:54:02 PM                     Observation Length     251  
             Last Modified        Thursday, April 11, 2002 02:54:02 PM                     Deleted Observations   .    
             Protection                                                                    Compressed             CHAR 
             Data Set Type                                                                 Reuse Space            YES  
             Label                                                                         Point to Observations  NO   
             Data Representation  SOLARIS_X86_64, LINUX_X86_64, ALPHA_TRU64, LINUX_IA64    Sorted                 NO   
             Encoding             latin1  Western (ISO)                                                                


                                                 Engine/Host Dependent Information

                            Data Set Page Size          16384                                          
                            Number of Data Set Pages    464                                            
                            Number of Data Set Repairs  0                                              
                            Filename                    /demographic/cps/microdata/cps198403ff.sas7bdat
                            Release Created             9.0202M3                                       
                            Host Created                Linux                                          
                            Inode Number                282726181                                      
                            Access Permission           rwxr-xr-x                                      
                            Owner Name                  cesadmin                                       
                            File Size (bytes)           7610368                                        


                                             Alphabetic List of Variables and Attributes
 
                               #    Variable    Type    Len    Label

                              30    ALLOKIDS    Char      1    Own Kids, Any Age, Any Marital Stat    
                              29    FAGEU18     Char      1    Own Never Married Children<18 by Age   
                              24    FCSALVAL    Num       8    Family Inc-Child Support & Alimony     
                              35    FEARNS      Char      2    No of Earners,Relationship,Family Type 
                              26    FEARNVAL    Num       8    Total Family Earnings                  
                              54    FFNGCAID    Num       8    Family Fungible Value of Medicaid      
                              55    FFNGCARE    Num       8    Family Fungible Value of Medicare      
                              51    FFOODREQ    Num       8    Used to Compute Fung Value Medicare    
                               4    FFPOS       Char      2    Family Record (01-39)                  
                               3    FFPOSOLD    Char      2    Family Record (41-79)                  
                              16    FFRVAL      Num       8    Family Income-Farm Income              
                               8    FHEADIDX    Char      2    Index of Family Reference Person       
                              52    FHOUSSUB    Char      3    Family Market Value of Housing Subsidy 
                              11    FHUSBIDX    Char      2    Index of Husband                       
                               2    FH_SEQ      Num       8    Household Sequence Number              
                              20    FINTVAL     Num       8    Family Income-Interest                 
                               6    FKIND       Char      1    Kind of Family                         
                              12    FLASTIDX    Char      2    Index of Last Member of Family         
                              46    FMVAWOI     Num       8    Market Value All Benefits w/o Inst Pay 
                              47    FMVMDWOI    Num       8    Market Value Med Ben w/o Inst Pay      
                              56    FNUMEARN    Char      1    Number of Earners in Family            
                              27    FOTHVAL     Num       8    Total Other Family Income              
                              32    FOWNU6      Char      1    Own Children in Family Under 6         
                              31    FOWNU18     Char      1    No of Own Never Married Children<18    
                              19    FPAWVAL     Num       8    Family Income-Public Assistance Income 
                              44    FPCTCUT     Char      2    Income Percentiles                     
                                         proc contents for ZERO OBS version of cps198403hh         11:39 Wednesday, May 23, 2012   8

                                                       The CONTENTS Procedure

                                             Alphabetic List of Variables and Attributes
 
                               #    Variable    Type    Len    Label

                               7    FPERSONS    Char      2    Number of Persons in Family            
                              45    FPOVCUT     Num       8    Low Income Cutoff Dollar Amount        
                              28    FRAGEU18    Char      1    Presence of Related Children by Age    
                              36    FREC30      Char      1    Earnings Recipiency Recode(Family)     
                              37    FREC31A     Char      1    Type A Other Inc Recipiency(Family)    
                              38    FREC31C     Char      1    Type C Other Inc Recipiency(Family)    
                              39    FREC31D     Char      1    Type D Other Inc Recipiency(Family)    
                              40    FREC31E     Char      1    Type E Other Inc Recipiency(Family)    
                              41    FREC31F     Char      1    Type F Other Inc Recipiency(Family)    
                              42    FREC31G     Char      1    Type G Other Inc Recipiency(Family)    
                              43    FREC31H     Char      1    Type H Other Inc Recipiency(Family)    
                               1    FRECORD     Char      1    2=Family Record                        
                              34    FRELU6      Num       8    Number of Related Children Under 6     
                              33    FRELU18     Num       8    Number of Related Children Under 18    
                              21    FRNDIVAL    Num       8    Family Inc-Dividends, Rent, Estates    
                              15    FSEVAL      Num       8    Family Inc-Non-Farm Self-Employ Income 
                              13    FSPANISH    Char      1    Is Reference Person or Spouse Hispanic 
                               9    FSPOUIDX    Char      2    Index of Spouse                        
                              18    FSSIVAL     Num       8    Family Income Supplemental Security Inc
                              57    FTOP5PCT    Char      1    Top 5 Percent Family Income Indicator  
                              25    FTOTVAL     Num       8    Total Family Income                    
                              23    FTRETVAL    Num       8    Fam Inc-All Pensions(Priv,Govt,Milt)   
                               5    FTYPE       Char      1    Type of Family                         
                              17    FUSVAL      Num       8    Family Income-US Govt Payments(SS&RR)  
                              22    FVPVAL      Num       8    Fam Inc-Vet Pay, Unemp Comp, Wrk Comp  
                              10    FWIFEIDX    Char      2    Index of Wife                          
                              14    FWSVAL      Num       8    Family Income-Wages and Salaries       
                              49    F_MV_FS     Num       8    Family Market Value Food Stamps        
                              50    F_MV_PH     Num       8    Family Market Value Subsidized Housing 
                              48    F_MV_SL     Num       8    Family Market Value of School Lunch    
                              53    NUM_BRMS    Char      1    Number of Bedrooms For Family          
                                         proc contents for ZERO OBS version of cps198403ff         11:39 Wednesday, May 23, 2012   9

                                                       The CONTENTS Procedure

              Data Set Name        ZEROOBS.ZEROOBS_CPS198403FF                              Observations          0  
              Member Type          DATA                                                     Variables             57 
              Engine               V9                                                       Indexes               0  
              Created              Wednesday, May 23, 2012 11:39:41 AM                      Observation Length    256
              Last Modified        Wednesday, May 23, 2012 11:39:41 AM                      Deleted Observations  0  
              Protection                                                                    Compressed            NO 
              Data Set Type                                                                 Sorted                NO 
              Label                                                                                                  
              Data Representation  SOLARIS_X86_64, LINUX_X86_64, ALPHA_TRU64, LINUX_IA64                             
              Encoding             latin1  Western (ISO)                                                             


                                                 Engine/Host Dependent Information

                       Data Set Page Size          24576                                                    
                       Number of Data Set Pages    1                                                        
                       First Data Page             1                                                        
                       Max Obs per Page            95                                                       
                       Obs in First Data Page      0                                                        
                       Number of Data Set Repairs  0                                                        
                       Filename                    /home/g/gardn301/ZeroObs/CPS/zeroobs_cps198403ff.sas7bdat
                       Release Created             9.0202M3                                                 
                       Host Created                Linux                                                    
                       Inode Number                39520169                                                 
                       Access Permission           rw-------                                                
                       Owner Name                  gardn301                                                 
                       File Size (bytes)           32768                                                    


                                             Alphabetic List of Variables and Attributes
 
                               #    Variable    Type    Len    Label

                              30    ALLOKIDS    Char      1    Own Kids, Any Age, Any Marital Stat    
                              29    FAGEU18     Char      1    Own Never Married Children<18 by Age   
                              24    FCSALVAL    Num       8    Family Inc-Child Support & Alimony     
                              35    FEARNS      Char      2    No of Earners,Relationship,Family Type 
                              26    FEARNVAL    Num       8    Total Family Earnings                  
                              54    FFNGCAID    Num       8    Family Fungible Value of Medicaid      
                              55    FFNGCARE    Num       8    Family Fungible Value of Medicare      
                              51    FFOODREQ    Num       8    Used to Compute Fung Value Medicare    
                               4    FFPOS       Char      2    Family Record (01-39)                  
                               3    FFPOSOLD    Char      2    Family Record (41-79)                  
                              16    FFRVAL      Num       8    Family Income-Farm Income              
                               8    FHEADIDX    Char      2    Index of Family Reference Person       
                              52    FHOUSSUB    Char      3    Family Market Value of Housing Subsidy 
                              11    FHUSBIDX    Char      2    Index of Husband                       
                               2    FH_SEQ      Num       8    Household Sequence Number              
                              20    FINTVAL     Num       8    Family Income-Interest                 
                               6    FKIND       Char      1    Kind of Family                         
                              12    FLASTIDX    Char      2    Index of Last Member of Family         
                              46    FMVAWOI     Num       8    Market Value All Benefits w/o Inst Pay 
                              47    FMVMDWOI    Num       8    Market Value Med Ben w/o Inst Pay      
                              56    FNUMEARN    Char      1    Number of Earners in Family            
                              27    FOTHVAL     Num       8    Total Other Family Income              
                              32    FOWNU6      Char      1    Own Children in Family Under 6         
                                         proc contents for ZERO OBS version of cps198403ff         11:39 Wednesday, May 23, 2012  10

                                                       The CONTENTS Procedure

                                             Alphabetic List of Variables and Attributes
 
                               #    Variable    Type    Len    Label

                              31    FOWNU18     Char      1    No of Own Never Married Children<18    
                              19    FPAWVAL     Num       8    Family Income-Public Assistance Income 
                              44    FPCTCUT     Char      2    Income Percentiles                     
                               7    FPERSONS    Char      2    Number of Persons in Family            
                              45    FPOVCUT     Num       8    Low Income Cutoff Dollar Amount        
                              28    FRAGEU18    Char      1    Presence of Related Children by Age    
                              36    FREC30      Char      1    Earnings Recipiency Recode(Family)     
                              37    FREC31A     Char      1    Type A Other Inc Recipiency(Family)    
                              38    FREC31C     Char      1    Type C Other Inc Recipiency(Family)    
                              39    FREC31D     Char      1    Type D Other Inc Recipiency(Family)    
                              40    FREC31E     Char      1    Type E Other Inc Recipiency(Family)    
                              41    FREC31F     Char      1    Type F Other Inc Recipiency(Family)    
                              42    FREC31G     Char      1    Type G Other Inc Recipiency(Family)    
                              43    FREC31H     Char      1    Type H Other Inc Recipiency(Family)    
                               1    FRECORD     Char      1    2=Family Record                        
                              34    FRELU6      Num       8    Number of Related Children Under 6     
                              33    FRELU18     Num       8    Number of Related Children Under 18    
                              21    FRNDIVAL    Num       8    Family Inc-Dividends, Rent, Estates    
                              15    FSEVAL      Num       8    Family Inc-Non-Farm Self-Employ Income 
                              13    FSPANISH    Char      1    Is Reference Person or Spouse Hispanic 
                               9    FSPOUIDX    Char      2    Index of Spouse                        
                              18    FSSIVAL     Num       8    Family Income Supplemental Security Inc
                              57    FTOP5PCT    Char      1    Top 5 Percent Family Income Indicator  
                              25    FTOTVAL     Num       8    Total Family Income                    
                              23    FTRETVAL    Num       8    Fam Inc-All Pensions(Priv,Govt,Milt)   
                               5    FTYPE       Char      1    Type of Family                         
                              17    FUSVAL      Num       8    Family Income-US Govt Payments(SS&RR)  
                              22    FVPVAL      Num       8    Fam Inc-Vet Pay, Unemp Comp, Wrk Comp  
                              10    FWIFEIDX    Char      2    Index of Wife                          
                              14    FWSVAL      Num       8    Family Income-Wages and Salaries       
                              49    F_MV_FS     Num       8    Family Market Value Food Stamps        
                              50    F_MV_PH     Num       8    Family Market Value Subsidized Housing 
                              48    F_MV_SL     Num       8    Family Market Value of School Lunch    
                              53    NUM_BRMS    Char      1    Number of Bedrooms For Family          
                                         proc contents for ZERO OBS version of cps198403ff         11:39 Wednesday, May 23, 2012  11

                                                       The CONTENTS Procedure

            Data Set Name        CPS.CPS198403PP                                          Observations           161167
            Member Type          DATA                                                     Variables              153   
            Engine               V9                                                       Indexes                0     
            Created              Thursday, April 11, 2002 02:54:08 PM                     Observation Length     426   
            Last Modified        Thursday, April 11, 2002 02:54:08 PM                     Deleted Observations   .     
            Protection                                                                    Compressed             CHAR  
            Data Set Type                                                                 Reuse Space            YES   
            Label                                                                         Point to Observations  NO    
            Data Representation  SOLARIS_X86_64, LINUX_X86_64, ALPHA_TRU64, LINUX_IA64    Sorted                 NO    
            Encoding             latin1  Western (ISO)                                                                 


                                                 Engine/Host Dependent Information

                            Data Set Page Size          24576                                          
                            Number of Data Set Pages    1150                                           
                            Number of Data Set Repairs  0                                              
                            Filename                    /demographic/cps/microdata/cps198403pp.sas7bdat
                            Release Created             9.0202M3                                       
                            Host Created                Linux                                          
                            Inode Number                282731325                                      
                            Access Permission           rwxr-xr-x                                      
                            Owner Name                  cesadmin                                       
                            File Size (bytes)           28270592                                       


                                             Alphabetic List of Variables and Attributes
 
                               #    Variable    Type    Len    Label

                             134    ADD_UMP     Num       8    Taxable Part of Unemployment Comp       
                             131    AGI         Num       8    Adjusted Gross Income                   
                              33    ALSTAT      Char      1    Work Exp, Job, Earnings Alloc Status    
                               9    ASHLFTPT    Char      1    Attended School Full/Part-Time          
                              25    A_AGE       Char      2    Age                                     
                              11    A_ERNLWT    Num       8    Earnings/Not in Labor Force Weight      
                               7    A_EXPLF     Char      1    Exp Labor Force Employment Status       
                              15    A_EXPRRP    Char      1    Relationship to Householder             
                              18    A_FAMNUM    Char      1    Family Number(Sub/Sec)                  
                              19    A_FAMREL    Char      1    Family Relationship(Sub/Sec)            
                              17    A_FAMTYP    Char      1    Family Type(Code Box)                   
                              12    A_FNLWGT    Num       8    Adults Final Weight                     
                              28    A_HGA       Char      2    Highest Grade Attended                  
                              29    A_HGC       Char      1    Was High Grade Completed                
                               6    A_LFSR      Char      1    Employment Status Recode                
                               5    A_LINENO    Char      2    Edited Line Number                      
                              10    A_MAJACT    Char      1    Major Activity Last Week                
                              22    A_MARITL    Char      1    Marital Status                          
                              27    A_ORIGIN    Char      2    Ethnic Origin                           
                              30    A_PARENT    Char      2    Parents Line Number                     
                              24    A_RACE      Char      1    Race                                    
                              23    A_SEX       Char      1    Sex                                     
                              31    A_SPOUSE    Char      2    Spouses Line Number                     
                              26    A_VET       Char      1    Veteran Status                          
                               8    A_WKSTAT    Char      1    Full/Part-Time Work Status Recode       
                             132    CAP_GAIN    Num       8    Amount of Capital Gains                 
                                         proc contents for ZERO OBS version of cps198403ff         11:39 Wednesday, May 23, 2012  12

                                                       The CONTENTS Procedure

                                             Alphabetic List of Variables and Attributes
 
                               #    Variable    Type    Len    Label

                             133    CAP_LOSS    Num       8    Amount of Capital Losses                
                             136    CC_CRED     Num       8    Child Care Credit                       
                             125    CHAMP       Char      1    Covered By Champus or Milit Health Plan 
                             122    COV_GH      Char      1    Covered By Group Health Plan            
                             127    COV_HI      Char      1    Covered By Other Health Insurance       
                             130    DEP_STAT    Char      2    Dependency Status Pointer               
                              70    DIV_YN      Char      1    Dividend Recipiency                     
                              37    EARNSTAT    Char      1    Earnings Allocation Status              
                             135    EIT_CRED    Num       8    Earned Income Tax Credit                
                             145    EMCONTRB    Num       8    Employer Contrib for Health Insurance   
                             140    FED_TAX     Num       8    Federal Income Tax Liability            
                             129    FILESTAT    Char      1    Tax Filer Status                        
                              81    FIN_YN      Char      1    Other Reg Contribution Recipiency       
                              96    FRSE_VAL    Num       8    Amt of Farm Income                      
                              63    FRSE_YN     Char      1    Farm Income Recipiency                  
                             148    GRIN_ST     Char      2    FIPS State Code from GRIN File          
                             119    HIEMP       Char      1    Group Health Plan Offered By Employer   
                             120    HIPAID      Char      1    Health Plan Paid By Employer            
                             126    HI_YN       Char      1    Have Any Other Health Insurance         
                              54    HRCHECK     Char      1    Did Usually Work Full or Part-Time      
                              45    HRSWK       Char      2    Hours Per Week Worked Last Year         
                              47    I40         Char      1    Did Look for Work Between Jobs          
                              48    I41         Char      1    Check Item for Weeks Worked(i34 wk)     
                              83    I51AST      Char      1    Allocation Status-Wage & Salary         
                              84    I51BST      Char      1    Allocation Status-Self Emp Earnings     
                              85    I51CST      Char      1    Allocation Status-Farm Income           
                              65    I52ARR      Char      1    Railroad Retirement Recipiency          
                              86    I52AST      Char      1    Allocation Status-Soc Sec/Railroad Ret  
                              97    I52A_VAL    Num       8    Amt of US Govt Payments, Inc Soc Sec    
                              87    I52BST      Char      1    Allocation Status-SSI                   
                              67    I53AADC     Char      1    Aid to Dependent Children Recipiency    
                              68    I53AOTH     Char      1    Other Public Assistance Recipiency      
                              88    I53AST      Char      1    Allocation Status-Public Assistance     
                              89    I53BST      Char      1    Allocation Status-Interest              
                              72    I53CEST     Char      1    Estates/Trust Recipiency                
                              90    I53CST      Char      1    Allocation Status-Divnds, Rent, Estates 
                             101    I53C_VAL    Num       8    Amt of Dividends and Rent               
                              91    I53DST      Char      1    Alloc Vet Pay, Unemp Comp, Work Comp    
                              75    I53DWC      Char      1    Workmans Comp Recipiency                
                             102    I53D_VAL    Num       8    Amt of Vet Payment, Work Comp, Etc      
                              78    I53EFG      Char      1    Federal Govt Pension Recipiency         
                              79    I53ELG      Char      1    State/Local Govt Pension Recipiency     
                              77    I53EMR      Char      1    Military Retirement Recipiency          
                              76    I53EPP      Char      1    Private Pensions Recipiency             
                              92    I53EST      Char      1    Alloc Priv, Govt, Milt Pensions         
                             103    I53E_VAL    Num       8    Amt of Retirement Income, Etc           
                              82    I53FAE      Char      1    Anything Else Recipiency                
                              80    I53FAL      Char      1    Alimony/Child Support Recipiency        
                              93    I53FST      Char      1    Alloc Al/Cs, Oth Reg Contr, All Other   
                             104    I53F_VAL    Num       8    Amt of Alimony, Child Support, Etc      
                              16    INCORFLG    Char      1    Income Correction Flag                  
                              59    INDUSTRY    Char      3    Industry of Longest Job                 
                                         proc contents for ZERO OBS version of cps198403ff         11:39 Wednesday, May 23, 2012  13

                                                       The CONTENTS Procedure

                                             Alphabetic List of Variables and Attributes
 
                               #    Variable    Type    Len    Label

                             100    INT_VAL     Num       8    Amt of Interest                         
                              69    INT_YN      Char      1    Interest Recipiency                     
                             138    ITEM_AMT    Num       8    Itemized Deduction Amount               
                              36    JOBSTAT     Char      1    Job Allocation Status                   
                              58    LJCW        Char      1    Class of Worker for Longest Job         
                              50    LKNONE      Char      1    Looking for Work or on Layoff from a Job
                              52    LKSTRCH     Char      1    Stretches of Unemployment               
                              51    LKWEEKS     Char      2    Weeks Looking for Work or on Layoff     
                              49    LOSEWKS     Char      1    Did Loss Work Due to Layoff or Lost Job 
                             139    MARG_TAX    Char      2    Marginal Tax Rate                       
                              32    MARSUPWT    Num       8    March Supplement Weight                 
                              14    MATSEQNO    Num       8    Person Sequence Number Match            
                             124    MCAID       Char      1    Covered By Medicaid                     
                             123    MCARE       Char      1    Covered By Medicare                     
                             149    MIGCO       Char      3    What County was Living 1 Year Ago       
                             147    MIGSAME     Char      1    Was Living in This House 1 Year Ago     
                             111    MIGSCR      Char      1    Migration SCR(Contiguous/Non-Contig)    
                             114    MIG_MTR1    Char      2    Migration Recode                        
                             115    MIG_MTR3    Char      1    Migration Recode                        
                             110    MOBFLAG     Char      1    Mobility Allocation Status              
                             108    MOBSAME     Char      1    Was Living in This House 5 Years Ago    
                             146    MOBSTATE    Char      2    What State Was Living 5 Years Ago       
                             109    MOBWHERE    Char      1    Where was Living 5 Years Ago            
                              42    NWLKWK      Char      2    Weeks Looking for Work or on Layoff     
                              41    NWLOOK      Char      1    Did Look for Work Last Year             
                              60    OCCUP       Char      3    Occupation of Longest Job               
                              39    OINCALEV    Char      2    Other Income Allocation Level           
                              99    PAW_VAL     Num       8    Amt of Public Assistance                
                             141    PAY_DEDT    Num       8    Payroll Deductions(FICA or Fed Ret)     
                             106    PEARNVAL    Num       8    Total Person Earnings                   
                             118    PENINCL     Char      1    Included in Pension Plan                
                             117    PENPLAN     Char      1    Employer Pension Plan                   
                              21    PF_SEQ      Char      2    Pointer to FFPOS of Primary Family in HH
                              20    PHF_SEQ     Char      2    Pointer to FFPOS of Own Family in HHLD  
                              46    PHMEMPRS    Char      1    No of Employers Last Year               
                               2    PH_SEQ      Num       8    Household Sequence Number               
                             116    PLOWINC     Num       8    Low Income Dollar Amt Cutoff            
                             107    POTHVAL     Num       8    Total Other Person Income               
                               4    PPPOS       Char      2    Person Record(41-79)                    
                               3    PPPOSOLD    Char      2    Person Record(01-39)                    
                               1    PRECORD     Char      1    3=Person Record                         
                             105    PTOTVAL     Num       8    Total Person Income                     
                              57    PTRSN       Char      1    Reason Worked Less Than 35 Hours        
                              56    PTWEEKS     Char      2    Weeks Worked Less Than 35 Hours         
                              55    PTYN        Char      1    Did Work Less Than 35 Hours Some Time   
                              53    PYRSN       Char      1    Main Reason for Part-Year Work          
                             144    P_MVCAID    Num       8    Person Market Value of Medicaid         
                             143    P_MVCARE    Num       8    Person Market Value of Medicare         
                              13    P_STAT      Char      1    Status(Reject) Item for Persons         
                              71    RNT_YN      Char      1    Rent/Royalties Recipiency               
                              43    RSNNOTW     Char      1    Main Reason for not Working Last Year   
                              95    SEMP_VAL    Num       8    Amt of Non-Farm Self-Employ Income      
                                         proc contents for ZERO OBS version of cps198403ff         11:39 Wednesday, May 23, 2012  14

                                                       The CONTENTS Procedure

                                             Alphabetic List of Variables and Attributes
 
                               #    Variable    Type    Len    Label

                              62    SEMP_YN     Char      1    Non-Farm Self-Employ Income Recipiency  
                              98    SSI_VAL     Num       8    Amt of SSI Payments                     
                              66    SSI_YN      Char      1    Supplemental Security Inc Recipiency    
                              64    SS_YN       Char      1    Social Security Recipiency              
                             142    STATETAX    Num       8    State Tax Liability                     
                             137    TAX_INC     Num       8    Taxable Income Amount                   
                             153    UACLEVEL    Char      1    Level(CO,MCD,PLACE,CBD)from UAC Tape    
                             151    UACMSASZ    Char      1    SMSA Size Code From UAC Tape            
                             152    UACPLACE    Char      1    Place Type(CC,BAL,NON-SMSA) from UAC    
                             113    UACPLCDS    Char      1    Place Description from UAC Tape         
                             112    UACSMSA     Char      4    SMSA Code from UAC Tape                 
                             150    UAC_CODE    Char      5    Migration Code from UAC Tape            
                              74    UC_YN       Char      1    Unemployment Comp Recipiency            
                              73    VET_YN      Char      1    Veterans Payments Recipiency            
                              38    WERNALEV    Char      2    Work Exp, Earnings, Job Alloc Level     
                              35    WESTAT      Char      1    Work Experience Alloc Status            
                             121    WHOELSGH    Char      1    Who Else Covered By Group Health Plan   
                             128    WHOELSHI    Char      1    Who Else Covered By Other Health Ins    
                              44    WKSWORK     Char      2    Weeks Worked Last Year                  
                              34    WORKSTAT    Char      1    Worker/Non-Worker Alloc Status          
                              40    WORKYN      Char      1    Did Work at a Job Anytime Last Year     
                              94    WSAL_VAL    Num       8    Amt of Wages and Salaries               
                              61    WSAL_YN     Char      1    Wage and Salary Recipiency              
                                         proc contents for ZERO OBS version of cps198403pp         11:39 Wednesday, May 23, 2012  15

                                                       The CONTENTS Procedure

              Data Set Name        ZEROOBS.ZEROOBS_CPS198403PP                              Observations          0  
              Member Type          DATA                                                     Variables             153
              Engine               V9                                                       Indexes               0  
              Created              Wednesday, May 23, 2012 11:39:41 AM                      Observation Length    432
              Last Modified        Wednesday, May 23, 2012 11:39:41 AM                      Deleted Observations  0  
              Protection                                                                    Compressed            NO 
              Data Set Type                                                                 Sorted                NO 
              Label                                                                                                  
              Data Representation  SOLARIS_X86_64, LINUX_X86_64, ALPHA_TRU64, LINUX_IA64                             
              Encoding             latin1  Western (ISO)                                                             


                                                 Engine/Host Dependent Information

                       Data Set Page Size          40960                                                    
                       Number of Data Set Pages    1                                                        
                       First Data Page             1                                                        
                       Max Obs per Page            94                                                       
                       Obs in First Data Page      0                                                        
                       Number of Data Set Repairs  0                                                        
                       Filename                    /home/g/gardn301/ZeroObs/CPS/zeroobs_cps198403pp.sas7bdat
                       Release Created             9.0202M3                                                 
                       Host Created                Linux                                                    
                       Inode Number                39520187                                                 
                       Access Permission           rw-------                                                
                       Owner Name                  gardn301                                                 
                       File Size (bytes)           49152                                                    


                                             Alphabetic List of Variables and Attributes
 
                               #    Variable    Type    Len    Label

                             134    ADD_UMP     Num       8    Taxable Part of Unemployment Comp       
                             131    AGI         Num       8    Adjusted Gross Income                   
                              33    ALSTAT      Char      1    Work Exp, Job, Earnings Alloc Status    
                               9    ASHLFTPT    Char      1    Attended School Full/Part-Time          
                              25    A_AGE       Char      2    Age                                     
                              11    A_ERNLWT    Num       8    Earnings/Not in Labor Force Weight      
                               7    A_EXPLF     Char      1    Exp Labor Force Employment Status       
                              15    A_EXPRRP    Char      1    Relationship to Householder             
                              18    A_FAMNUM    Char      1    Family Number(Sub/Sec)                  
                              19    A_FAMREL    Char      1    Family Relationship(Sub/Sec)            
                              17    A_FAMTYP    Char      1    Family Type(Code Box)                   
                              12    A_FNLWGT    Num       8    Adults Final Weight                     
                              28    A_HGA       Char      2    Highest Grade Attended                  
                              29    A_HGC       Char      1    Was High Grade Completed                
                               6    A_LFSR      Char      1    Employment Status Recode                
                               5    A_LINENO    Char      2    Edited Line Number                      
                              10    A_MAJACT    Char      1    Major Activity Last Week                
                              22    A_MARITL    Char      1    Marital Status                          
                              27    A_ORIGIN    Char      2    Ethnic Origin                           
                              30    A_PARENT    Char      2    Parents Line Number                     
                              24    A_RACE      Char      1    Race                                    
                              23    A_SEX       Char      1    Sex                                     
                              31    A_SPOUSE    Char      2    Spouses Line Number                     
                                         proc contents for ZERO OBS version of cps198403pp         11:39 Wednesday, May 23, 2012  16

                                                       The CONTENTS Procedure

                                             Alphabetic List of Variables and Attributes
 
                               #    Variable    Type    Len    Label

                              26    A_VET       Char      1    Veteran Status                          
                               8    A_WKSTAT    Char      1    Full/Part-Time Work Status Recode       
                             132    CAP_GAIN    Num       8    Amount of Capital Gains                 
                             133    CAP_LOSS    Num       8    Amount of Capital Losses                
                             136    CC_CRED     Num       8    Child Care Credit                       
                             125    CHAMP       Char      1    Covered By Champus or Milit Health Plan 
                             122    COV_GH      Char      1    Covered By Group Health Plan            
                             127    COV_HI      Char      1    Covered By Other Health Insurance       
                             130    DEP_STAT    Char      2    Dependency Status Pointer               
                              70    DIV_YN      Char      1    Dividend Recipiency                     
                              37    EARNSTAT    Char      1    Earnings Allocation Status              
                             135    EIT_CRED    Num       8    Earned Income Tax Credit                
                             145    EMCONTRB    Num       8    Employer Contrib for Health Insurance   
                             140    FED_TAX     Num       8    Federal Income Tax Liability            
                             129    FILESTAT    Char      1    Tax Filer Status                        
                              81    FIN_YN      Char      1    Other Reg Contribution Recipiency       
                              96    FRSE_VAL    Num       8    Amt of Farm Income                      
                              63    FRSE_YN     Char      1    Farm Income Recipiency                  
                             148    GRIN_ST     Char      2    FIPS State Code from GRIN File          
                             119    HIEMP       Char      1    Group Health Plan Offered By Employer   
                             120    HIPAID      Char      1    Health Plan Paid By Employer            
                             126    HI_YN       Char      1    Have Any Other Health Insurance         
                              54    HRCHECK     Char      1    Did Usually Work Full or Part-Time      
                              45    HRSWK       Char      2    Hours Per Week Worked Last Year         
                              47    I40         Char      1    Did Look for Work Between Jobs          
                              48    I41         Char      1    Check Item for Weeks Worked(i34 wk)     
                              83    I51AST      Char      1    Allocation Status-Wage & Salary         
                              84    I51BST      Char      1    Allocation Status-Self Emp Earnings     
                              85    I51CST      Char      1    Allocation Status-Farm Income           
                              65    I52ARR      Char      1    Railroad Retirement Recipiency          
                              86    I52AST      Char      1    Allocation Status-Soc Sec/Railroad Ret  
                              97    I52A_VAL    Num       8    Amt of US Govt Payments, Inc Soc Sec    
                              87    I52BST      Char      1    Allocation Status-SSI                   
                              67    I53AADC     Char      1    Aid to Dependent Children Recipiency    
                              68    I53AOTH     Char      1    Other Public Assistance Recipiency      
                              88    I53AST      Char      1    Allocation Status-Public Assistance     
                              89    I53BST      Char      1    Allocation Status-Interest              
                              72    I53CEST     Char      1    Estates/Trust Recipiency                
                              90    I53CST      Char      1    Allocation Status-Divnds, Rent, Estates 
                             101    I53C_VAL    Num       8    Amt of Dividends and Rent               
                              91    I53DST      Char      1    Alloc Vet Pay, Unemp Comp, Work Comp    
                              75    I53DWC      Char      1    Workmans Comp Recipiency                
                             102    I53D_VAL    Num       8    Amt of Vet Payment, Work Comp, Etc      
                              78    I53EFG      Char      1    Federal Govt Pension Recipiency         
                              79    I53ELG      Char      1    State/Local Govt Pension Recipiency     
                              77    I53EMR      Char      1    Military Retirement Recipiency          
                              76    I53EPP      Char      1    Private Pensions Recipiency             
                              92    I53EST      Char      1    Alloc Priv, Govt, Milt Pensions         
                             103    I53E_VAL    Num       8    Amt of Retirement Income, Etc           
                              82    I53FAE      Char      1    Anything Else Recipiency                
                              80    I53FAL      Char      1    Alimony/Child Support Recipiency        
                              93    I53FST      Char      1    Alloc Al/Cs, Oth Reg Contr, All Other   
                                         proc contents for ZERO OBS version of cps198403pp         11:39 Wednesday, May 23, 2012  17

                                                       The CONTENTS Procedure

                                             Alphabetic List of Variables and Attributes
 
                               #    Variable    Type    Len    Label

                             104    I53F_VAL    Num       8    Amt of Alimony, Child Support, Etc      
                              16    INCORFLG    Char      1    Income Correction Flag                  
                              59    INDUSTRY    Char      3    Industry of Longest Job                 
                             100    INT_VAL     Num       8    Amt of Interest                         
                              69    INT_YN      Char      1    Interest Recipiency                     
                             138    ITEM_AMT    Num       8    Itemized Deduction Amount               
                              36    JOBSTAT     Char      1    Job Allocation Status                   
                              58    LJCW        Char      1    Class of Worker for Longest Job         
                              50    LKNONE      Char      1    Looking for Work or on Layoff from a Job
                              52    LKSTRCH     Char      1    Stretches of Unemployment               
                              51    LKWEEKS     Char      2    Weeks Looking for Work or on Layoff     
                              49    LOSEWKS     Char      1    Did Loss Work Due to Layoff or Lost Job 
                             139    MARG_TAX    Char      2    Marginal Tax Rate                       
                              32    MARSUPWT    Num       8    March Supplement Weight                 
                              14    MATSEQNO    Num       8    Person Sequence Number Match            
                             124    MCAID       Char      1    Covered By Medicaid                     
                             123    MCARE       Char      1    Covered By Medicare                     
                             149    MIGCO       Char      3    What County was Living 1 Year Ago       
                             147    MIGSAME     Char      1    Was Living in This House 1 Year Ago     
                             111    MIGSCR      Char      1    Migration SCR(Contiguous/Non-Contig)    
                             114    MIG_MTR1    Char      2    Migration Recode                        
                             115    MIG_MTR3    Char      1    Migration Recode                        
                             110    MOBFLAG     Char      1    Mobility Allocation Status              
                             108    MOBSAME     Char      1    Was Living in This House 5 Years Ago    
                             146    MOBSTATE    Char      2    What State Was Living 5 Years Ago       
                             109    MOBWHERE    Char      1    Where was Living 5 Years Ago            
                              42    NWLKWK      Char      2    Weeks Looking for Work or on Layoff     
                              41    NWLOOK      Char      1    Did Look for Work Last Year             
                              60    OCCUP       Char      3    Occupation of Longest Job               
                              39    OINCALEV    Char      2    Other Income Allocation Level           
                              99    PAW_VAL     Num       8    Amt of Public Assistance                
                             141    PAY_DEDT    Num       8    Payroll Deductions(FICA or Fed Ret)     
                             106    PEARNVAL    Num       8    Total Person Earnings                   
                             118    PENINCL     Char      1    Included in Pension Plan                
                             117    PENPLAN     Char      1    Employer Pension Plan                   
                              21    PF_SEQ      Char      2    Pointer to FFPOS of Primary Family in HH
                              20    PHF_SEQ     Char      2    Pointer to FFPOS of Own Family in HHLD  
                              46    PHMEMPRS    Char      1    No of Employers Last Year               
                               2    PH_SEQ      Num       8    Household Sequence Number               
                             116    PLOWINC     Num       8    Low Income Dollar Amt Cutoff            
                             107    POTHVAL     Num       8    Total Other Person Income               
                               4    PPPOS       Char      2    Person Record(41-79)                    
                               3    PPPOSOLD    Char      2    Person Record(01-39)                    
                               1    PRECORD     Char      1    3=Person Record                         
                             105    PTOTVAL     Num       8    Total Person Income                     
                              57    PTRSN       Char      1    Reason Worked Less Than 35 Hours        
                              56    PTWEEKS     Char      2    Weeks Worked Less Than 35 Hours         
                              55    PTYN        Char      1    Did Work Less Than 35 Hours Some Time   
                              53    PYRSN       Char      1    Main Reason for Part-Year Work          
                             144    P_MVCAID    Num       8    Person Market Value of Medicaid         
                             143    P_MVCARE    Num       8    Person Market Value of Medicare         
                              13    P_STAT      Char      1    Status(Reject) Item for Persons         
                                         proc contents for ZERO OBS version of cps198403pp         11:39 Wednesday, May 23, 2012  18

                                                       The CONTENTS Procedure

                                             Alphabetic List of Variables and Attributes
 
                               #    Variable    Type    Len    Label

                              71    RNT_YN      Char      1    Rent/Royalties Recipiency               
                              43    RSNNOTW     Char      1    Main Reason for not Working Last Year   
                              95    SEMP_VAL    Num       8    Amt of Non-Farm Self-Employ Income      
                              62    SEMP_YN     Char      1    Non-Farm Self-Employ Income Recipiency  
                              98    SSI_VAL     Num       8    Amt of SSI Payments                     
                              66    SSI_YN      Char      1    Supplemental Security Inc Recipiency    
                              64    SS_YN       Char      1    Social Security Recipiency              
                             142    STATETAX    Num       8    State Tax Liability                     
                             137    TAX_INC     Num       8    Taxable Income Amount                   
                             153    UACLEVEL    Char      1    Level(CO,MCD,PLACE,CBD)from UAC Tape    
                             151    UACMSASZ    Char      1    SMSA Size Code From UAC Tape            
                             152    UACPLACE    Char      1    Place Type(CC,BAL,NON-SMSA) from UAC    
                             113    UACPLCDS    Char      1    Place Description from UAC Tape         
                             112    UACSMSA     Char      4    SMSA Code from UAC Tape                 
                             150    UAC_CODE    Char      5    Migration Code from UAC Tape            
                              74    UC_YN       Char      1    Unemployment Comp Recipiency            
                              73    VET_YN      Char      1    Veterans Payments Recipiency            
                              38    WERNALEV    Char      2    Work Exp, Earnings, Job Alloc Level     
                              35    WESTAT      Char      1    Work Experience Alloc Status            
                             121    WHOELSGH    Char      1    Who Else Covered By Group Health Plan   
                             128    WHOELSHI    Char      1    Who Else Covered By Other Health Ins    
                              44    WKSWORK     Char      2    Weeks Worked Last Year                  
                              34    WORKSTAT    Char      1    Worker/Non-Worker Alloc Status          
                              40    WORKYN      Char      1    Did Work at a Job Anytime Last Year     
                              94    WSAL_VAL    Num       8    Amt of Wages and Salaries               
                              61    WSAL_YN     Char      1    Wage and Salary Recipiency              
